<?xml version="1.0" encoding="UTF-8"?>
<!-- Generated by org.testng.reporters.JUnitReportReporter -->
<testsuite skipped="0" hostname="DESKTOP-LK7NIRS" name="org.test.testn" tests="1" failures="0" timestamp="12 Feb 2020 09:45:52 GMT" time="6.861" errors="1">
  <testcase name="test" time="6.861" classname="org.test.testn">
    <error type="org.openqa.selenium.SessionNotCreatedException" message="session not created: This version of ChromeDriver only supports Chrome version 78
Build info: version: &#039;3.141.59&#039;, revision: &#039;e82be7d358&#039;, time: &#039;2018-11-14T08:17:03&#039;
System info: host: &#039;DESKTOP-LK7NIRS&#039;, ip: &#039;192.168.43.160&#039;, os.name: &#039;Windows 10&#039;, os.arch: &#039;amd64&#039;, os.version: &#039;10.0&#039;, java.version: &#039;1.8.0_231&#039;
Driver info: driver.version: ChromeDriver
remote stacktrace: Backtrace:
	Ordinal0 [0x00DDA923+1550627]
	Ordinal0 [0x00D5A731+1025841]
	Ordinal0 [0x00CDC715+509717]
	Ordinal0 [0x00C6FC68+64616]
	Ordinal0 [0x00C6C594+50580]
	Ordinal0 [0x00C8ACE7+175335]
	Ordinal0 [0x00C8A8ED+174317]
	Ordinal0 [0x00C88CDB+167131]
	Ordinal0 [0x00C7144A+70730]
	Ordinal0 [0x00C724D0+74960]
	Ordinal0 [0x00C72469+74857]
	Ordinal0 [0x00D742F7+1131255]
	GetHandleVerifier [0x00E7711D+523789]
	GetHandleVerifier [0x00E76EB0+523168]
	GetHandleVerifier [0x00E7E207+552695]
	GetHandleVerifier [0x00E7791A+525834]
	Ordinal0 [0x00D6B82C+1095724]
	Ordinal0 [0x00D7636B+1139563]
	Ordinal0 [0x00D764D3+1139923]
	Ordinal0 [0x00D75455+1135701]
	BaseThreadInitThunk [0x75356359+25]
	RtlGetAppContainerNamedObjectPath [0x77237B74+228]
	RtlGetAppContainerNamedObjectPath [0x77237B44+180]
">
      <![CDATA[org.openqa.selenium.SessionNotCreatedException: session not created: This version of ChromeDriver only supports Chrome version 78
Build info: version: '3.141.59', revision: 'e82be7d358', time: '2018-11-14T08:17:03'
System info: host: 'DESKTOP-LK7NIRS', ip: '192.168.43.160', os.name: 'Windows 10', os.arch: 'amd64', os.version: '10.0', java.version: '1.8.0_231'
Driver info: driver.version: ChromeDriver
remote stacktrace: Backtrace:
Ordinal0 [0x00DDA923+1550627]
Ordinal0 [0x00D5A731+1025841]
Ordinal0 [0x00CDC715+509717]
Ordinal0 [0x00C6FC68+64616]
Ordinal0 [0x00C6C594+50580]
Ordinal0 [0x00C8ACE7+175335]
Ordinal0 [0x00C8A8ED+174317]
Ordinal0 [0x00C88CDB+167131]
Ordinal0 [0x00C7144A+70730]
Ordinal0 [0x00C724D0+74960]
Ordinal0 [0x00C72469+74857]
Ordinal0 [0x00D742F7+1131255]
GetHandleVerifier [0x00E7711D+523789]
GetHandleVerifier [0x00E76EB0+523168]
GetHandleVerifier [0x00E7E207+552695]
GetHandleVerifier [0x00E7791A+525834]
Ordinal0 [0x00D6B82C+1095724]
Ordinal0 [0x00D7636B+1139563]
Ordinal0 [0x00D764D3+1139923]
Ordinal0 [0x00D75455+1135701]
BaseThreadInitThunk [0x75356359+25]
RtlGetAppContainerNamedObjectPath [0x77237B74+228]
RtlGetAppContainerNamedObjectPath [0x77237B44+180]

at sun.reflect.NativeConstructorAccessorImpl.newInstance0(Native Method)
at sun.reflect.NativeConstructorAccessorImpl.newInstance(Unknown Source)
at sun.reflect.DelegatingConstructorAccessorImpl.newInstance(Unknown Source)
at java.lang.reflect.Constructor.newInstance(Unknown Source)
at org.openqa.selenium.remote.W3CHandshakeResponse.lambda$errorHandler$0(W3CHandshakeResponse.java:62)
at org.openqa.selenium.remote.HandshakeResponse.lambda$getResponseFunction$0(HandshakeResponse.java:30)
at org.openqa.selenium.remote.ProtocolHandshake.lambda$createSession$0(ProtocolHandshake.java:126)
at java.util.stream.ReferencePipeline$3$1.accept(Unknown Source)
at java.util.Spliterators$ArraySpliterator.tryAdvance(Unknown Source)
at java.util.stream.ReferencePipeline.forEachWithCancel(Unknown Source)
at java.util.stream.AbstractPipeline.copyIntoWithCancel(Unknown Source)
at java.util.stream.AbstractPipeline.copyInto(Unknown Source)
at java.util.stream.AbstractPipeline.wrapAndCopyInto(Unknown Source)
at java.util.stream.FindOps$FindOp.evaluateSequential(Unknown Source)
at java.util.stream.AbstractPipeline.evaluate(Unknown Source)
at java.util.stream.ReferencePipeline.findFirst(Unknown Source)
at org.openqa.selenium.remote.ProtocolHandshake.createSession(ProtocolHandshake.java:128)
at org.openqa.selenium.remote.ProtocolHandshake.createSession(ProtocolHandshake.java:74)
at org.openqa.selenium.remote.HttpCommandExecutor.execute(HttpCommandExecutor.java:136)
at org.openqa.selenium.remote.service.DriverCommandExecutor.execute(DriverCommandExecutor.java:83)
at org.openqa.selenium.remote.RemoteWebDriver.execute(RemoteWebDriver.java:552)
at org.openqa.selenium.remote.RemoteWebDriver.startSession(RemoteWebDriver.java:213)
at org.openqa.selenium.remote.RemoteWebDriver.<init>(RemoteWebDriver.java:131)
at org.openqa.selenium.chrome.ChromeDriver.<init>(ChromeDriver.java:181)
at org.openqa.selenium.chrome.ChromeDriver.<init>(ChromeDriver.java:168)
at org.openqa.selenium.chrome.ChromeDriver.<init>(ChromeDriver.java:123)
at org.test.testn.test(testn.java:23)
at sun.reflect.NativeMethodAccessorImpl.invoke0(Native Method)
at sun.reflect.NativeMethodAccessorImpl.invoke(Unknown Source)
at sun.reflect.DelegatingMethodAccessorImpl.invoke(Unknown Source)
at java.lang.reflect.Method.invoke(Unknown Source)
at org.testng.internal.MethodInvocationHelper.invokeMethod(MethodInvocationHelper.java:124)
at org.testng.internal.Invoker.invokeMethod(Invoker.java:583)
at org.testng.internal.Invoker.invokeTestMethod(Invoker.java:719)
at org.testng.internal.Invoker.invokeTestMethods(Invoker.java:989)
at org.testng.internal.TestMethodWorker.invokeTestMethods(TestMethodWorker.java:125)
at org.testng.internal.TestMethodWorker.run(TestMethodWorker.java:109)
at org.testng.TestRunner.privateRun(TestRunner.java:648)
at org.testng.TestRunner.run(TestRunner.java:505)
at org.testng.SuiteRunner.runTest(SuiteRunner.java:455)
at org.testng.SuiteRunner.runSequentially(SuiteRunner.java:450)
at org.testng.SuiteRunner.privateRun(SuiteRunner.java:415)
at org.testng.SuiteRunner.run(SuiteRunner.java:364)
at org.testng.SuiteRunnerWorker.runSuite(SuiteRunnerWorker.java:52)
at org.testng.SuiteRunnerWorker.run(SuiteRunnerWorker.java:84)
at org.testng.TestNG.runSuitesSequentially(TestNG.java:1208)
at org.testng.TestNG.runSuitesLocally(TestNG.java:1137)
at org.testng.TestNG.runSuites(TestNG.java:1049)
at org.testng.TestNG.run(TestNG.java:1017)
at org.testng.remote.AbstractRemoteTestNG.run(AbstractRemoteTestNG.java:114)
at org.testng.remote.RemoteTestNG.initAndRun(RemoteTestNG.java:251)
at org.testng.remote.RemoteTestNG.main(RemoteTestNG.java:77)
]]>
    </error>
  </testcase> <!-- test -->
</testsuite> <!-- org.test.testn -->
